mode: set
github.com/rubberyconf/rubberyconf/internal/cache/icache.go:22.52,26.27 3 0
github.com/rubberyconf/rubberyconf/internal/cache/icache.go:36.2,36.12 1 0
github.com/rubberyconf/rubberyconf/internal/cache/icache.go:26.27,28.3 1 0
github.com/rubberyconf/rubberyconf/internal/cache/icache.go:28.8,28.33 1 0
github.com/rubberyconf/rubberyconf/internal/cache/icache.go:28.33,30.3 1 0
github.com/rubberyconf/rubberyconf/internal/cache/icache.go:30.8,30.32 1 0
github.com/rubberyconf/rubberyconf/internal/cache/icache.go:30.32,32.3 1 0
github.com/rubberyconf/rubberyconf/internal/cache/icache.go:32.8,34.3 1 0
github.com/rubberyconf/rubberyconf/internal/cache/inmemory.go:23.47,25.25 1 0
github.com/rubberyconf/rubberyconf/internal/cache/inmemory.go:29.2,29.20 1 0
github.com/rubberyconf/rubberyconf/internal/cache/inmemory.go:25.25,28.3 2 0
github.com/rubberyconf/rubberyconf/internal/cache/inmemory.go:32.68,35.9 2 0
github.com/rubberyconf/rubberyconf/internal/cache/inmemory.go:38.2,41.20 3 0
github.com/rubberyconf/rubberyconf/internal/cache/inmemory.go:35.9,37.3 1 0
github.com/rubberyconf/rubberyconf/internal/cache/inmemory.go:41.20,43.3 1 0
github.com/rubberyconf/rubberyconf/internal/cache/inmemory.go:43.8,45.3 1 0
github.com/rubberyconf/rubberyconf/internal/cache/inmemory.go:49.98,54.2 3 0
github.com/rubberyconf/rubberyconf/internal/cache/inmemory.go:55.56,59.2 2 0
github.com/rubberyconf/rubberyconf/internal/cache/redis.go:23.41,25.22 1 0
github.com/rubberyconf/rubberyconf/internal/cache/redis.go:40.2,40.18 1 0
github.com/rubberyconf/rubberyconf/internal/cache/redis.go:25.22,29.18 2 0
github.com/rubberyconf/rubberyconf/internal/cache/redis.go:33.3,38.5 2 0
github.com/rubberyconf/rubberyconf/internal/cache/redis.go:29.18,31.4 1 0
github.com/rubberyconf/rubberyconf/internal/cache/redis.go:43.66,46.16 2 0
github.com/rubberyconf/rubberyconf/internal/cache/redis.go:49.2,49.19 1 0
github.com/rubberyconf/rubberyconf/internal/cache/redis.go:46.16,48.3 1 0
github.com/rubberyconf/rubberyconf/internal/cache/redis.go:53.96,56.16 2 0
github.com/rubberyconf/rubberyconf/internal/cache/redis.go:56.16,59.3 2 0
github.com/rubberyconf/rubberyconf/internal/cache/redis.go:59.8,61.3 1 0
github.com/rubberyconf/rubberyconf/internal/cache/redis.go:64.54,67.16 2 0
github.com/rubberyconf/rubberyconf/internal/cache/redis.go:67.16,70.3 2 0
github.com/rubberyconf/rubberyconf/internal/cache/redis.go:70.8,72.3 1 0
github.com/rubberyconf/rubberyconf/internal/datasource/inmemory.go:16.50,18.25 1 0
github.com/rubberyconf/rubberyconf/internal/datasource/inmemory.go:22.2,22.24 1 0
github.com/rubberyconf/rubberyconf/internal/datasource/inmemory.go:18.25,21.3 2 0
github.com/rubberyconf/rubberyconf/internal/datasource/inmemory.go:24.69,28.2 3 0
github.com/rubberyconf/rubberyconf/internal/datasource/inmemory.go:30.71,32.8 2 0
github.com/rubberyconf/rubberyconf/internal/datasource/inmemory.go:32.8,35.3 2 0
github.com/rubberyconf/rubberyconf/internal/datasource/inmemory.go:35.8,37.3 1 0
github.com/rubberyconf/rubberyconf/internal/datasource/inmemory.go:40.71,43.2 2 0
github.com/rubberyconf/rubberyconf/internal/datasource/inmemory.go:45.89,48.15 3 0
github.com/rubberyconf/rubberyconf/internal/datasource/inmemory.go:51.2,52.18 2 0
github.com/rubberyconf/rubberyconf/internal/datasource/inmemory.go:48.15,50.3 1 0
github.com/rubberyconf/rubberyconf/internal/metrics/metrics.go:35.28,36.22 1 0
github.com/rubberyconf/rubberyconf/internal/metrics/metrics.go:40.2,40.16 1 0
github.com/rubberyconf/rubberyconf/internal/metrics/metrics.go:36.22,39.3 2 0
github.com/rubberyconf/rubberyconf/internal/metrics/metrics.go:43.76,49.33 5 0
github.com/rubberyconf/rubberyconf/internal/metrics/metrics.go:55.2,55.17 1 0
github.com/rubberyconf/rubberyconf/internal/metrics/metrics.go:49.33,51.3 1 0
github.com/rubberyconf/rubberyconf/internal/metrics/metrics.go:51.8,51.23 1 0
github.com/rubberyconf/rubberyconf/internal/metrics/metrics.go:51.23,53.3 1 0
github.com/rubberyconf/rubberyconf/internal/metrics/metrics.go:55.17,64.17 3 0
github.com/rubberyconf/rubberyconf/internal/metrics/metrics.go:68.3,68.22 1 0
github.com/rubberyconf/rubberyconf/internal/metrics/metrics.go:64.17,67.4 2 0
github.com/rubberyconf/rubberyconf/internal/metrics/metrics.go:69.8,71.3 1 0
github.com/rubberyconf/rubberyconf/internal/metrics/metrics.go:73.81,79.33 2 0
github.com/rubberyconf/rubberyconf/internal/metrics/metrics.go:86.2,86.18 1 0
github.com/rubberyconf/rubberyconf/internal/metrics/metrics.go:79.33,82.3 2 0
github.com/rubberyconf/rubberyconf/internal/metrics/metrics.go:82.8,82.23 1 0
github.com/rubberyconf/rubberyconf/internal/metrics/metrics.go:82.23,85.3 2 0
github.com/rubberyconf/rubberyconf/internal/metrics/metrics.go:89.46,93.2 2 0
github.com/rubberyconf/rubberyconf/internal/metrics/metrics.go:95.70,98.16 2 0
github.com/rubberyconf/rubberyconf/internal/metrics/metrics.go:102.2,105.16 3 0
github.com/rubberyconf/rubberyconf/internal/metrics/metrics.go:109.2,109.28 1 0
github.com/rubberyconf/rubberyconf/internal/metrics/metrics.go:98.16,100.3 1 0
github.com/rubberyconf/rubberyconf/internal/metrics/metrics.go:105.16,107.3 1 0
github.com/rubberyconf/rubberyconf/internal/metrics/metrics.go:112.61,115.16 2 0
github.com/rubberyconf/rubberyconf/internal/metrics/metrics.go:118.2,118.18 1 0
github.com/rubberyconf/rubberyconf/internal/metrics/metrics.go:115.16,117.3 1 0
github.com/rubberyconf/rubberyconf/internal/metrics/metrics.go:121.34,126.16 4 0
github.com/rubberyconf/rubberyconf/internal/metrics/metrics.go:129.2,132.16 4 0
github.com/rubberyconf/rubberyconf/internal/metrics/metrics.go:135.2,136.16 2 0
github.com/rubberyconf/rubberyconf/internal/metrics/metrics.go:141.2,144.47 3 0
github.com/rubberyconf/rubberyconf/internal/metrics/metrics.go:126.16,128.3 1 0
github.com/rubberyconf/rubberyconf/internal/metrics/metrics.go:132.16,134.3 1 0
github.com/rubberyconf/rubberyconf/internal/metrics/metrics.go:136.16,138.3 1 0
github.com/rubberyconf/rubberyconf/cmd/server/main.go:14.13,17.16 2 0
github.com/rubberyconf/rubberyconf/cmd/server/main.go:21.2,31.59 5 0
github.com/rubberyconf/rubberyconf/cmd/server/main.go:17.16,19.3 1 0
github.com/rubberyconf/rubberyconf/internal/datasource/github.go:20.46,22.23 1 0
github.com/rubberyconf/rubberyconf/internal/datasource/github.go:27.2,27.25 1 0
github.com/rubberyconf/rubberyconf/internal/datasource/github.go:22.23,26.3 1 0
github.com/rubberyconf/rubberyconf/internal/datasource/github.go:30.67,33.2 2 0
github.com/rubberyconf/rubberyconf/internal/datasource/github.go:35.69,38.2 2 0
github.com/rubberyconf/rubberyconf/internal/datasource/github.go:40.69,44.2 2 0
github.com/rubberyconf/rubberyconf/internal/datasource/github.go:46.87,48.2 1 0
github.com/rubberyconf/rubberyconf/internal/datasource/idatasource.go:29.33,35.24 5 0
github.com/rubberyconf/rubberyconf/internal/datasource/idatasource.go:45.2,45.12 1 0
github.com/rubberyconf/rubberyconf/internal/datasource/idatasource.go:35.24,37.3 1 0
github.com/rubberyconf/rubberyconf/internal/datasource/idatasource.go:37.8,37.35 1 0
github.com/rubberyconf/rubberyconf/internal/datasource/idatasource.go:37.35,39.3 1 0
github.com/rubberyconf/rubberyconf/internal/datasource/idatasource.go:39.8,39.33 1 0
github.com/rubberyconf/rubberyconf/internal/datasource/idatasource.go:39.33,41.3 1 0
github.com/rubberyconf/rubberyconf/internal/datasource/idatasource.go:41.8,43.3 1 0
github.com/rubberyconf/rubberyconf/internal/datasource/idatasource.go:48.46,50.28 1 0
github.com/rubberyconf/rubberyconf/internal/datasource/idatasource.go:50.28,53.3 2 0
github.com/rubberyconf/rubberyconf/api/handlers/conf.go:19.131,33.2 5 0
github.com/rubberyconf/rubberyconf/api/handlers/conf.go:35.63,40.13 3 0
github.com/rubberyconf/rubberyconf/api/handlers/conf.go:45.2,47.9 3 0
github.com/rubberyconf/rubberyconf/api/handlers/conf.go:65.2,68.17 3 0
github.com/rubberyconf/rubberyconf/api/handlers/conf.go:77.2,81.50 4 0
github.com/rubberyconf/rubberyconf/api/handlers/conf.go:40.13,43.3 2 0
github.com/rubberyconf/rubberyconf/api/handlers/conf.go:47.9,50.25 2 0
github.com/rubberyconf/rubberyconf/api/handlers/conf.go:56.3,56.24 1 0
github.com/rubberyconf/rubberyconf/api/handlers/conf.go:62.3,62.21 1 0
github.com/rubberyconf/rubberyconf/api/handlers/conf.go:50.25,55.4 3 0
github.com/rubberyconf/rubberyconf/api/handlers/conf.go:56.24,61.4 3 0
github.com/rubberyconf/rubberyconf/api/handlers/conf.go:68.17,70.34 2 0
github.com/rubberyconf/rubberyconf/api/handlers/conf.go:73.3,74.94 2 0
github.com/rubberyconf/rubberyconf/api/handlers/conf.go:70.34,72.4 1 0
github.com/rubberyconf/rubberyconf/api/handlers/conf.go:84.64,88.13 3 0
github.com/rubberyconf/rubberyconf/api/handlers/conf.go:92.2,93.16 2 0
github.com/rubberyconf/rubberyconf/api/handlers/conf.go:96.2,104.33 6 0
github.com/rubberyconf/rubberyconf/api/handlers/conf.go:107.2,109.15 3 0
github.com/rubberyconf/rubberyconf/api/handlers/conf.go:114.2,115.13 2 0
github.com/rubberyconf/rubberyconf/api/handlers/conf.go:120.2,123.50 3 0
github.com/rubberyconf/rubberyconf/api/handlers/conf.go:88.13,91.3 2 0
github.com/rubberyconf/rubberyconf/api/handlers/conf.go:93.16,95.3 1 0
github.com/rubberyconf/rubberyconf/api/handlers/conf.go:104.33,106.3 1 0
github.com/rubberyconf/rubberyconf/api/handlers/conf.go:109.15,112.3 2 0
github.com/rubberyconf/rubberyconf/api/handlers/conf.go:115.13,118.3 2 0
github.com/rubberyconf/rubberyconf/api/handlers/conf.go:127.66,131.13 3 0
github.com/rubberyconf/rubberyconf/api/handlers/conf.go:136.2,137.9 2 0
github.com/rubberyconf/rubberyconf/api/handlers/conf.go:141.2,142.9 2 0
github.com/rubberyconf/rubberyconf/api/handlers/conf.go:146.2,147.30 2 0
github.com/rubberyconf/rubberyconf/api/handlers/conf.go:131.13,134.3 2 0
github.com/rubberyconf/rubberyconf/api/handlers/conf.go:137.9,140.3 2 0
github.com/rubberyconf/rubberyconf/api/handlers/conf.go:142.9,145.3 2 0
github.com/rubberyconf/rubberyconf/api/router.go:10.31,13.31 2 0
github.com/rubberyconf/rubberyconf/api/router.go:32.2,36.16 2 0
github.com/rubberyconf/rubberyconf/api/router.go:13.31,24.3 4 0
github.com/rubberyconf/rubberyconf/internal/config/config.go:17.33,19.2 1 0
github.com/rubberyconf/rubberyconf/internal/config/config.go:21.48,23.23 1 0
github.com/rubberyconf/rubberyconf/internal/config/config.go:33.2,33.21 1 0
github.com/rubberyconf/rubberyconf/internal/config/config.go:23.23,32.3 5 0
github.com/rubberyconf/rubberyconf/internal/config/config.go:36.47,38.16 2 0
github.com/rubberyconf/rubberyconf/internal/config/config.go:42.2,46.16 4 0
github.com/rubberyconf/rubberyconf/internal/config/config.go:38.16,41.3 2 0
github.com/rubberyconf/rubberyconf/internal/config/config.go:46.16,49.3 2 0
github.com/rubberyconf/rubberyconf/internal/config/config.go:52.31,54.16 2 0
github.com/rubberyconf/rubberyconf/internal/config/config.go:54.16,57.3 2 0
github.com/rubberyconf/rubberyconf/internal/datasource/git.go:11.63,14.19 3 0
github.com/rubberyconf/rubberyconf/internal/datasource/git.go:17.2,18.18 2 0
github.com/rubberyconf/rubberyconf/internal/datasource/git.go:21.2,22.18 2 0
github.com/rubberyconf/rubberyconf/internal/datasource/git.go:14.19,16.3 1 0
github.com/rubberyconf/rubberyconf/internal/datasource/git.go:18.18,20.3 1 0
github.com/rubberyconf/rubberyconf/internal/feature/featureDef.go:69.68,75.2 4 0
github.com/rubberyconf/rubberyconf/internal/feature/featureDef.go:77.63,81.2 2 0
github.com/rubberyconf/rubberyconf/internal/logs/elastic.go:33.34,35.27 1 0
github.com/rubberyconf/rubberyconf/internal/logs/elastic.go:52.2,52.23 1 0
github.com/rubberyconf/rubberyconf/internal/logs/elastic.go:35.27,46.17 6 0
github.com/rubberyconf/rubberyconf/internal/logs/elastic.go:49.3,49.49 1 0
github.com/rubberyconf/rubberyconf/internal/logs/elastic.go:46.17,48.4 1 0
github.com/rubberyconf/rubberyconf/internal/logs/elastic.go:55.41,69.16 6 0
github.com/rubberyconf/rubberyconf/internal/logs/elastic.go:73.2,73.18 1 0
github.com/rubberyconf/rubberyconf/internal/logs/elastic.go:69.16,72.3 2 0
github.com/rubberyconf/rubberyconf/internal/logs/elastic.go:76.88,88.16 5 0
github.com/rubberyconf/rubberyconf/internal/logs/elastic.go:91.2,93.19 2 0
github.com/rubberyconf/rubberyconf/internal/logs/elastic.go:88.16,90.3 1 0
github.com/rubberyconf/rubberyconf/internal/logs/elastic.go:93.19,95.3 1 0
github.com/rubberyconf/rubberyconf/internal/logs/ilogs.go:34.22,36.21 1 0
github.com/rubberyconf/rubberyconf/internal/logs/ilogs.go:52.2,52.16 1 0
github.com/rubberyconf/rubberyconf/internal/logs/ilogs.go:36.21,42.37 5 0
github.com/rubberyconf/rubberyconf/internal/logs/ilogs.go:42.37,43.15 1 0
github.com/rubberyconf/rubberyconf/internal/logs/ilogs.go:44.17,45.44 1 0
github.com/rubberyconf/rubberyconf/internal/logs/ilogs.go:46.17,47.44 1 0
github.com/rubberyconf/rubberyconf/internal/logs/ilogs.go:55.84,57.31 1 0
github.com/rubberyconf/rubberyconf/internal/logs/ilogs.go:57.31,59.3 1 0
github.com/rubberyconf/rubberyconf/internal/logs/ilogs.go:62.46,64.73 1 0
github.com/rubberyconf/rubberyconf/internal/logs/ilogs.go:64.73,67.3 2 0
github.com/rubberyconf/rubberyconf/internal/cache/skip.go:16.33,18.24 1 0
github.com/rubberyconf/rubberyconf/internal/cache/skip.go:21.2,21.16 1 0
github.com/rubberyconf/rubberyconf/internal/cache/skip.go:18.24,20.3 1 0
github.com/rubberyconf/rubberyconf/internal/cache/skip.go:24.58,26.2 1 0
github.com/rubberyconf/rubberyconf/internal/cache/skip.go:28.46,30.2 1 0
github.com/rubberyconf/rubberyconf/internal/cache/skip.go:32.88,34.2 1 0
github.com/rubberyconf/rubberyconf/api/handlers/index.go:8.52,10.2 1 0
github.com/rubberyconf/rubberyconf/internal/logs/console.go:17.34,19.27 1 0
github.com/rubberyconf/rubberyconf/internal/logs/console.go:22.2,22.23 1 0
github.com/rubberyconf/rubberyconf/internal/logs/console.go:19.27,21.3 1 0
github.com/rubberyconf/rubberyconf/internal/logs/console.go:25.88,26.21 1 0
github.com/rubberyconf/rubberyconf/internal/logs/console.go:26.21,28.3 1 0
github.com/rubberyconf/rubberyconf/internal/logs/console.go:28.8,31.3 2 0
github.com/rubberyconf/rubberyconf/api/logger.go:11.59,12.71 1 0
github.com/rubberyconf/rubberyconf/api/logger.go:12.71,25.3 4 0
github.com/rubberyconf/rubberyconf/internal/stringarr/stringArr.go:3.55,5.23 2 1
github.com/rubberyconf/rubberyconf/internal/stringarr/stringArr.go:8.2,8.12 1 1
github.com/rubberyconf/rubberyconf/internal/stringarr/stringArr.go:5.23,7.3 1 1
github.com/rubberyconf/rubberyconf/internal/stringarr/stringArr.go:11.56,13.23 2 1
github.com/rubberyconf/rubberyconf/internal/stringarr/stringArr.go:18.2,18.12 1 1
github.com/rubberyconf/rubberyconf/internal/stringarr/stringArr.go:13.23,14.11 1 1
github.com/rubberyconf/rubberyconf/internal/stringarr/stringArr.go:14.11,16.4 1 1
github.com/rubberyconf/rubberyconf/internal/stringarr/stringArr.go:21.49,22.23 1 1
github.com/rubberyconf/rubberyconf/internal/stringarr/stringArr.go:27.2,27.13 1 0
github.com/rubberyconf/rubberyconf/internal/stringarr/stringArr.go:22.23,23.12 1 1
github.com/rubberyconf/rubberyconf/internal/stringarr/stringArr.go:23.12,25.4 1 1
github.com/rubberyconf/rubberyconf/internal/stringarr/stringArr.go:30.49,31.23 1 1
github.com/rubberyconf/rubberyconf/internal/stringarr/stringArr.go:36.2,36.14 1 0
github.com/rubberyconf/rubberyconf/internal/stringarr/stringArr.go:31.23,32.11 1 1
github.com/rubberyconf/rubberyconf/internal/stringarr/stringArr.go:32.11,34.4 1 1
github.com/rubberyconf/rubberyconf/internal/stringarr/stringArr.go:39.42,41.2 1 1
github.com/rubberyconf/rubberyconf/internal/stringarr/stringArr.go:43.39,44.23 1 1
github.com/rubberyconf/rubberyconf/internal/stringarr/stringArr.go:49.2,49.11 1 1
github.com/rubberyconf/rubberyconf/internal/stringarr/stringArr.go:44.23,45.13 1 1
github.com/rubberyconf/rubberyconf/internal/stringarr/stringArr.go:45.13,47.4 1 1
github.com/rubberyconf/rubberyconf/internal/datasource/gogs.go:24.42,26.21 1 0
github.com/rubberyconf/rubberyconf/internal/datasource/gogs.go:31.2,31.23 1 0
github.com/rubberyconf/rubberyconf/internal/datasource/gogs.go:26.21,30.3 3 0
github.com/rubberyconf/rubberyconf/internal/datasource/gogs.go:34.65,40.16 4 0
github.com/rubberyconf/rubberyconf/internal/datasource/gogs.go:47.2,48.16 2 0
github.com/rubberyconf/rubberyconf/internal/datasource/gogs.go:53.2,54.16 2 0
github.com/rubberyconf/rubberyconf/internal/datasource/gogs.go:57.2,59.13 3 0
github.com/rubberyconf/rubberyconf/internal/datasource/gogs.go:40.16,44.3 3 0
github.com/rubberyconf/rubberyconf/internal/datasource/gogs.go:48.16,52.3 3 0
github.com/rubberyconf/rubberyconf/internal/datasource/gogs.go:54.16,56.3 1 0
github.com/rubberyconf/rubberyconf/internal/datasource/gogs.go:63.67,66.2 2 0
github.com/rubberyconf/rubberyconf/internal/datasource/gogs.go:68.67,71.2 2 0
github.com/rubberyconf/rubberyconf/internal/datasource/gogs.go:73.85,75.2 1 0
github.com/rubberyconf/rubberyconf/internal/cache/redis.go:23.41,25.22 1 0
github.com/rubberyconf/rubberyconf/internal/cache/redis.go:40.2,40.18 1 0
github.com/rubberyconf/rubberyconf/internal/cache/redis.go:25.22,29.18 2 0
github.com/rubberyconf/rubberyconf/internal/cache/redis.go:33.3,38.5 2 0
github.com/rubberyconf/rubberyconf/internal/cache/redis.go:29.18,31.4 1 0
github.com/rubberyconf/rubberyconf/internal/cache/redis.go:43.66,46.16 2 0
github.com/rubberyconf/rubberyconf/internal/cache/redis.go:49.2,49.19 1 0
github.com/rubberyconf/rubberyconf/internal/cache/redis.go:46.16,48.3 1 0
github.com/rubberyconf/rubberyconf/internal/cache/redis.go:53.96,56.16 2 0
github.com/rubberyconf/rubberyconf/internal/cache/redis.go:56.16,59.3 2 0
github.com/rubberyconf/rubberyconf/internal/cache/redis.go:59.8,61.3 1 0
github.com/rubberyconf/rubberyconf/internal/cache/redis.go:64.54,67.16 2 0
github.com/rubberyconf/rubberyconf/internal/cache/redis.go:67.16,70.3 2 0
github.com/rubberyconf/rubberyconf/internal/cache/redis.go:70.8,72.3 1 0
github.com/rubberyconf/rubberyconf/internal/datasource/idatasource.go:29.33,35.24 5 0
github.com/rubberyconf/rubberyconf/internal/datasource/idatasource.go:45.2,45.12 1 0
github.com/rubberyconf/rubberyconf/internal/datasource/idatasource.go:35.24,37.3 1 0
github.com/rubberyconf/rubberyconf/internal/datasource/idatasource.go:37.8,37.35 1 0
github.com/rubberyconf/rubberyconf/internal/datasource/idatasource.go:37.35,39.3 1 0
github.com/rubberyconf/rubberyconf/internal/datasource/idatasource.go:39.8,39.33 1 0
github.com/rubberyconf/rubberyconf/internal/datasource/idatasource.go:39.33,41.3 1 0
github.com/rubberyconf/rubberyconf/internal/datasource/idatasource.go:41.8,43.3 1 0
github.com/rubberyconf/rubberyconf/internal/datasource/idatasource.go:48.46,50.28 1 0
github.com/rubberyconf/rubberyconf/internal/datasource/idatasource.go:50.28,53.3 2 0
github.com/rubberyconf/rubberyconf/internal/feature/featureDef.go:69.68,75.2 4 0
github.com/rubberyconf/rubberyconf/internal/feature/featureDef.go:77.63,81.2 2 0
github.com/rubberyconf/rubberyconf/api/handlers/conf.go:19.131,33.2 5 0
github.com/rubberyconf/rubberyconf/api/handlers/conf.go:35.63,40.13 3 0
github.com/rubberyconf/rubberyconf/api/handlers/conf.go:45.2,47.9 3 0
github.com/rubberyconf/rubberyconf/api/handlers/conf.go:65.2,68.17 3 0
github.com/rubberyconf/rubberyconf/api/handlers/conf.go:77.2,81.50 4 0
github.com/rubberyconf/rubberyconf/api/handlers/conf.go:40.13,43.3 2 0
github.com/rubberyconf/rubberyconf/api/handlers/conf.go:47.9,50.25 2 0
github.com/rubberyconf/rubberyconf/api/handlers/conf.go:56.3,56.24 1 0
github.com/rubberyconf/rubberyconf/api/handlers/conf.go:62.3,62.21 1 0
github.com/rubberyconf/rubberyconf/api/handlers/conf.go:50.25,55.4 3 0
github.com/rubberyconf/rubberyconf/api/handlers/conf.go:56.24,61.4 3 0
github.com/rubberyconf/rubberyconf/api/handlers/conf.go:68.17,70.34 2 0
github.com/rubberyconf/rubberyconf/api/handlers/conf.go:73.3,74.94 2 0
github.com/rubberyconf/rubberyconf/api/handlers/conf.go:70.34,72.4 1 0
github.com/rubberyconf/rubberyconf/api/handlers/conf.go:84.64,88.13 3 0
github.com/rubberyconf/rubberyconf/api/handlers/conf.go:92.2,93.16 2 0
github.com/rubberyconf/rubberyconf/api/handlers/conf.go:96.2,104.33 6 0
github.com/rubberyconf/rubberyconf/api/handlers/conf.go:107.2,109.15 3 0
github.com/rubberyconf/rubberyconf/api/handlers/conf.go:114.2,115.13 2 0
github.com/rubberyconf/rubberyconf/api/handlers/conf.go:120.2,123.50 3 0
github.com/rubberyconf/rubberyconf/api/handlers/conf.go:88.13,91.3 2 0
github.com/rubberyconf/rubberyconf/api/handlers/conf.go:93.16,95.3 1 0
github.com/rubberyconf/rubberyconf/api/handlers/conf.go:104.33,106.3 1 0
github.com/rubberyconf/rubberyconf/api/handlers/conf.go:109.15,112.3 2 0
github.com/rubberyconf/rubberyconf/api/handlers/conf.go:115.13,118.3 2 0
github.com/rubberyconf/rubberyconf/api/handlers/conf.go:127.66,131.13 3 0
github.com/rubberyconf/rubberyconf/api/handlers/conf.go:136.2,137.9 2 0
github.com/rubberyconf/rubberyconf/api/handlers/conf.go:141.2,142.9 2 0
github.com/rubberyconf/rubberyconf/api/handlers/conf.go:146.2,147.30 2 0
github.com/rubberyconf/rubberyconf/api/handlers/conf.go:131.13,134.3 2 0
github.com/rubberyconf/rubberyconf/api/handlers/conf.go:137.9,140.3 2 0
github.com/rubberyconf/rubberyconf/api/handlers/conf.go:142.9,145.3 2 0
github.com/rubberyconf/rubberyconf/internal/stringarr/stringArr.go:3.55,5.23 2 0
github.com/rubberyconf/rubberyconf/internal/stringarr/stringArr.go:8.2,8.12 1 0
github.com/rubberyconf/rubberyconf/internal/stringarr/stringArr.go:5.23,7.3 1 0
github.com/rubberyconf/rubberyconf/internal/stringarr/stringArr.go:11.56,13.23 2 0
github.com/rubberyconf/rubberyconf/internal/stringarr/stringArr.go:18.2,18.12 1 0
github.com/rubberyconf/rubberyconf/internal/stringarr/stringArr.go:13.23,14.11 1 0
github.com/rubberyconf/rubberyconf/internal/stringarr/stringArr.go:14.11,16.4 1 0
github.com/rubberyconf/rubberyconf/internal/stringarr/stringArr.go:21.49,22.23 1 0
github.com/rubberyconf/rubberyconf/internal/stringarr/stringArr.go:27.2,27.13 1 0
github.com/rubberyconf/rubberyconf/internal/stringarr/stringArr.go:22.23,23.12 1 0
github.com/rubberyconf/rubberyconf/internal/stringarr/stringArr.go:23.12,25.4 1 0
github.com/rubberyconf/rubberyconf/internal/stringarr/stringArr.go:30.49,31.23 1 0
github.com/rubberyconf/rubberyconf/internal/stringarr/stringArr.go:36.2,36.14 1 0
github.com/rubberyconf/rubberyconf/internal/stringarr/stringArr.go:31.23,32.11 1 0
github.com/rubberyconf/rubberyconf/internal/stringarr/stringArr.go:32.11,34.4 1 0
github.com/rubberyconf/rubberyconf/internal/stringarr/stringArr.go:39.42,41.2 1 0
github.com/rubberyconf/rubberyconf/internal/stringarr/stringArr.go:43.39,44.23 1 0
github.com/rubberyconf/rubberyconf/internal/stringarr/stringArr.go:49.2,49.11 1 0
github.com/rubberyconf/rubberyconf/internal/stringarr/stringArr.go:44.23,45.13 1 0
github.com/rubberyconf/rubberyconf/internal/stringarr/stringArr.go:45.13,47.4 1 0
github.com/rubberyconf/rubberyconf/internal/cache/icache.go:22.52,26.27 3 0
github.com/rubberyconf/rubberyconf/internal/cache/icache.go:36.2,36.12 1 0
github.com/rubberyconf/rubberyconf/internal/cache/icache.go:26.27,28.3 1 0
github.com/rubberyconf/rubberyconf/internal/cache/icache.go:28.8,28.33 1 0
github.com/rubberyconf/rubberyconf/internal/cache/icache.go:28.33,30.3 1 0
github.com/rubberyconf/rubberyconf/internal/cache/icache.go:30.8,30.32 1 0
github.com/rubberyconf/rubberyconf/internal/cache/icache.go:30.32,32.3 1 0
github.com/rubberyconf/rubberyconf/internal/cache/icache.go:32.8,34.3 1 0
github.com/rubberyconf/rubberyconf/internal/cache/inmemory.go:23.47,25.25 1 0
github.com/rubberyconf/rubberyconf/internal/cache/inmemory.go:29.2,29.20 1 0
github.com/rubberyconf/rubberyconf/internal/cache/inmemory.go:25.25,28.3 2 0
github.com/rubberyconf/rubberyconf/internal/cache/inmemory.go:32.68,35.9 2 0
github.com/rubberyconf/rubberyconf/internal/cache/inmemory.go:38.2,41.20 3 0
github.com/rubberyconf/rubberyconf/internal/cache/inmemory.go:35.9,37.3 1 0
github.com/rubberyconf/rubberyconf/internal/cache/inmemory.go:41.20,43.3 1 0
github.com/rubberyconf/rubberyconf/internal/cache/inmemory.go:43.8,45.3 1 0
github.com/rubberyconf/rubberyconf/internal/cache/inmemory.go:49.98,54.2 3 0
github.com/rubberyconf/rubberyconf/internal/cache/inmemory.go:55.56,59.2 2 0
github.com/rubberyconf/rubberyconf/internal/cache/skip.go:16.33,18.24 1 0
github.com/rubberyconf/rubberyconf/internal/cache/skip.go:21.2,21.16 1 0
github.com/rubberyconf/rubberyconf/internal/cache/skip.go:18.24,20.3 1 0
github.com/rubberyconf/rubberyconf/internal/cache/skip.go:24.58,26.2 1 0
github.com/rubberyconf/rubberyconf/internal/cache/skip.go:28.46,30.2 1 0
github.com/rubberyconf/rubberyconf/internal/cache/skip.go:32.88,34.2 1 0
github.com/rubberyconf/rubberyconf/internal/datasource/git.go:11.63,14.19 3 0
github.com/rubberyconf/rubberyconf/internal/datasource/git.go:17.2,18.18 2 0
github.com/rubberyconf/rubberyconf/internal/datasource/git.go:21.2,22.18 2 0
github.com/rubberyconf/rubberyconf/internal/datasource/git.go:14.19,16.3 1 0
github.com/rubberyconf/rubberyconf/internal/datasource/git.go:18.18,20.3 1 0
github.com/rubberyconf/rubberyconf/internal/datasource/github.go:20.46,22.23 1 0
github.com/rubberyconf/rubberyconf/internal/datasource/github.go:27.2,27.25 1 0
github.com/rubberyconf/rubberyconf/internal/datasource/github.go:22.23,26.3 1 0
github.com/rubberyconf/rubberyconf/internal/datasource/github.go:30.67,33.2 2 0
github.com/rubberyconf/rubberyconf/internal/datasource/github.go:35.69,38.2 2 0
github.com/rubberyconf/rubberyconf/internal/datasource/github.go:40.69,44.2 2 0
github.com/rubberyconf/rubberyconf/internal/datasource/github.go:46.87,48.2 1 0
github.com/rubberyconf/rubberyconf/api/logger.go:11.59,12.71 1 0
github.com/rubberyconf/rubberyconf/api/logger.go:12.71,25.3 4 0
github.com/rubberyconf/rubberyconf/api/router.go:10.31,13.31 2 0
github.com/rubberyconf/rubberyconf/api/router.go:32.2,36.16 2 0
github.com/rubberyconf/rubberyconf/api/router.go:13.31,24.3 4 0
github.com/rubberyconf/rubberyconf/cmd/server/main.go:14.13,17.16 2 0
github.com/rubberyconf/rubberyconf/cmd/server/main.go:21.2,31.59 5 0
github.com/rubberyconf/rubberyconf/cmd/server/main.go:17.16,19.3 1 0
github.com/rubberyconf/rubberyconf/internal/config/config.go:17.33,19.2 1 1
github.com/rubberyconf/rubberyconf/internal/config/config.go:21.48,23.23 1 1
github.com/rubberyconf/rubberyconf/internal/config/config.go:33.2,33.21 1 1
github.com/rubberyconf/rubberyconf/internal/config/config.go:23.23,32.3 5 1
github.com/rubberyconf/rubberyconf/internal/config/config.go:36.47,38.16 2 1
github.com/rubberyconf/rubberyconf/internal/config/config.go:42.2,46.16 4 1
github.com/rubberyconf/rubberyconf/internal/config/config.go:38.16,41.3 2 0
github.com/rubberyconf/rubberyconf/internal/config/config.go:46.16,49.3 2 0
github.com/rubberyconf/rubberyconf/internal/config/config.go:52.31,54.16 2 1
github.com/rubberyconf/rubberyconf/internal/config/config.go:54.16,57.3 2 0
github.com/rubberyconf/rubberyconf/api/handlers/index.go:8.52,10.2 1 0
github.com/rubberyconf/rubberyconf/internal/metrics/metrics.go:35.28,36.22 1 1
github.com/rubberyconf/rubberyconf/internal/metrics/metrics.go:40.2,40.16 1 1
github.com/rubberyconf/rubberyconf/internal/metrics/metrics.go:36.22,39.3 2 1
github.com/rubberyconf/rubberyconf/internal/metrics/metrics.go:43.76,49.33 5 1
github.com/rubberyconf/rubberyconf/internal/metrics/metrics.go:55.2,55.17 1 1
github.com/rubberyconf/rubberyconf/internal/metrics/metrics.go:49.33,51.3 1 1
github.com/rubberyconf/rubberyconf/internal/metrics/metrics.go:51.8,51.23 1 1
github.com/rubberyconf/rubberyconf/internal/metrics/metrics.go:51.23,53.3 1 0
github.com/rubberyconf/rubberyconf/internal/metrics/metrics.go:55.17,64.17 3 1
github.com/rubberyconf/rubberyconf/internal/metrics/metrics.go:68.3,68.22 1 1
github.com/rubberyconf/rubberyconf/internal/metrics/metrics.go:64.17,67.4 2 0
github.com/rubberyconf/rubberyconf/internal/metrics/metrics.go:69.8,71.3 1 1
github.com/rubberyconf/rubberyconf/internal/metrics/metrics.go:73.81,79.33 2 1
github.com/rubberyconf/rubberyconf/internal/metrics/metrics.go:86.2,86.18 1 1
github.com/rubberyconf/rubberyconf/internal/metrics/metrics.go:79.33,82.3 2 0
github.com/rubberyconf/rubberyconf/internal/metrics/metrics.go:82.8,82.23 1 1
github.com/rubberyconf/rubberyconf/internal/metrics/metrics.go:82.23,85.3 2 0
github.com/rubberyconf/rubberyconf/internal/metrics/metrics.go:89.46,93.2 2 1
github.com/rubberyconf/rubberyconf/internal/metrics/metrics.go:95.70,98.16 2 1
github.com/rubberyconf/rubberyconf/internal/metrics/metrics.go:102.2,105.16 3 1
github.com/rubberyconf/rubberyconf/internal/metrics/metrics.go:109.2,109.28 1 1
github.com/rubberyconf/rubberyconf/internal/metrics/metrics.go:98.16,100.3 1 0
github.com/rubberyconf/rubberyconf/internal/metrics/metrics.go:105.16,107.3 1 0
github.com/rubberyconf/rubberyconf/internal/metrics/metrics.go:112.61,115.16 2 1
github.com/rubberyconf/rubberyconf/internal/metrics/metrics.go:118.2,118.18 1 1
github.com/rubberyconf/rubberyconf/internal/metrics/metrics.go:115.16,117.3 1 0
github.com/rubberyconf/rubberyconf/internal/metrics/metrics.go:121.34,126.16 4 1
github.com/rubberyconf/rubberyconf/internal/metrics/metrics.go:129.2,132.16 4 1
github.com/rubberyconf/rubberyconf/internal/metrics/metrics.go:135.2,136.16 2 1
github.com/rubberyconf/rubberyconf/internal/metrics/metrics.go:141.2,144.47 3 1
github.com/rubberyconf/rubberyconf/internal/metrics/metrics.go:126.16,128.3 1 0
github.com/rubberyconf/rubberyconf/internal/metrics/metrics.go:132.16,134.3 1 0
github.com/rubberyconf/rubberyconf/internal/metrics/metrics.go:136.16,138.3 1 0
github.com/rubberyconf/rubberyconf/internal/logs/ilogs.go:34.22,36.21 1 0
github.com/rubberyconf/rubberyconf/internal/logs/ilogs.go:52.2,52.16 1 0
github.com/rubberyconf/rubberyconf/internal/logs/ilogs.go:36.21,42.37 5 0
github.com/rubberyconf/rubberyconf/internal/logs/ilogs.go:42.37,43.15 1 0
github.com/rubberyconf/rubberyconf/internal/logs/ilogs.go:44.17,45.44 1 0
github.com/rubberyconf/rubberyconf/internal/logs/ilogs.go:46.17,47.44 1 0
github.com/rubberyconf/rubberyconf/internal/logs/ilogs.go:55.84,57.31 1 0
github.com/rubberyconf/rubberyconf/internal/logs/ilogs.go:57.31,59.3 1 0
github.com/rubberyconf/rubberyconf/internal/logs/ilogs.go:62.46,64.73 1 0
github.com/rubberyconf/rubberyconf/internal/logs/ilogs.go:64.73,67.3 2 0
github.com/rubberyconf/rubberyconf/internal/datasource/gogs.go:24.42,26.21 1 0
github.com/rubberyconf/rubberyconf/internal/datasource/gogs.go:31.2,31.23 1 0
github.com/rubberyconf/rubberyconf/internal/datasource/gogs.go:26.21,30.3 3 0
github.com/rubberyconf/rubberyconf/internal/datasource/gogs.go:34.65,40.16 4 0
github.com/rubberyconf/rubberyconf/internal/datasource/gogs.go:47.2,48.16 2 0
github.com/rubberyconf/rubberyconf/internal/datasource/gogs.go:53.2,54.16 2 0
github.com/rubberyconf/rubberyconf/internal/datasource/gogs.go:57.2,59.13 3 0
github.com/rubberyconf/rubberyconf/internal/datasource/gogs.go:40.16,44.3 3 0
github.com/rubberyconf/rubberyconf/internal/datasource/gogs.go:48.16,52.3 3 0
github.com/rubberyconf/rubberyconf/internal/datasource/gogs.go:54.16,56.3 1 0
github.com/rubberyconf/rubberyconf/internal/datasource/gogs.go:63.67,66.2 2 0
github.com/rubberyconf/rubberyconf/internal/datasource/gogs.go:68.67,71.2 2 0
github.com/rubberyconf/rubberyconf/internal/datasource/gogs.go:73.85,75.2 1 0
github.com/rubberyconf/rubberyconf/internal/datasource/inmemory.go:16.50,18.25 1 0
github.com/rubberyconf/rubberyconf/internal/datasource/inmemory.go:22.2,22.24 1 0
github.com/rubberyconf/rubberyconf/internal/datasource/inmemory.go:18.25,21.3 2 0
github.com/rubberyconf/rubberyconf/internal/datasource/inmemory.go:24.69,28.2 3 0
github.com/rubberyconf/rubberyconf/internal/datasource/inmemory.go:30.71,32.8 2 0
github.com/rubberyconf/rubberyconf/internal/datasource/inmemory.go:32.8,35.3 2 0
github.com/rubberyconf/rubberyconf/internal/datasource/inmemory.go:35.8,37.3 1 0
github.com/rubberyconf/rubberyconf/internal/datasource/inmemory.go:40.71,43.2 2 0
github.com/rubberyconf/rubberyconf/internal/datasource/inmemory.go:45.89,48.15 3 0
github.com/rubberyconf/rubberyconf/internal/datasource/inmemory.go:51.2,52.18 2 0
github.com/rubberyconf/rubberyconf/internal/datasource/inmemory.go:48.15,50.3 1 0
github.com/rubberyconf/rubberyconf/internal/logs/console.go:17.34,19.27 1 0
github.com/rubberyconf/rubberyconf/internal/logs/console.go:22.2,22.23 1 0
github.com/rubberyconf/rubberyconf/internal/logs/console.go:19.27,21.3 1 0
github.com/rubberyconf/rubberyconf/internal/logs/console.go:25.88,26.21 1 0
github.com/rubberyconf/rubberyconf/internal/logs/console.go:26.21,28.3 1 0
github.com/rubberyconf/rubberyconf/internal/logs/console.go:28.8,31.3 2 0
github.com/rubberyconf/rubberyconf/internal/logs/elastic.go:33.34,35.27 1 0
github.com/rubberyconf/rubberyconf/internal/logs/elastic.go:52.2,52.23 1 0
github.com/rubberyconf/rubberyconf/internal/logs/elastic.go:35.27,46.17 6 0
github.com/rubberyconf/rubberyconf/internal/logs/elastic.go:49.3,49.49 1 0
github.com/rubberyconf/rubberyconf/internal/logs/elastic.go:46.17,48.4 1 0
github.com/rubberyconf/rubberyconf/internal/logs/elastic.go:55.41,69.16 6 0
github.com/rubberyconf/rubberyconf/internal/logs/elastic.go:73.2,73.18 1 0
github.com/rubberyconf/rubberyconf/internal/logs/elastic.go:69.16,72.3 2 0
github.com/rubberyconf/rubberyconf/internal/logs/elastic.go:76.88,88.16 5 0
github.com/rubberyconf/rubberyconf/internal/logs/elastic.go:91.2,93.19 2 0
github.com/rubberyconf/rubberyconf/internal/logs/elastic.go:88.16,90.3 1 0
github.com/rubberyconf/rubberyconf/internal/logs/elastic.go:93.19,95.3 1 0
